<?xml version="1.0" encoding="UTF-8"?>
<!-- Generated by org.testng.reporters.JUnitXMLReporter -->
<testsuite ignored="1" hostname="LAPTOP-QG62IU1U" failures="0" tests="1" name="Default test" time="4.682" errors="0" timestamp="2025-02-07T02:06:08 IST">
  <testcase classname="com.activities.GetActivities" name="verifyStatusCode" time="4.626"/>
  <testcase classname="com.activities.GetActivities" name="testGetActivities" time="0.0">
    <ignored/>
  </testcase> <!-- testGetActivities -->
</testsuite> <!-- Default test -->
