<?xml version="1.0" encoding="UTF-8"?>
<testng-results ignored="1" total="2" passed="1" failed="0" skipped="0">
  <reporter-output>
  </reporter-output>
  <suite started-at="2025-02-07T02:06:04 IST" name="Default suite" finished-at="2025-02-07T02:06:08 IST" duration-ms="4682">
    <groups>
    </groups>
    <test started-at="2025-02-07T02:06:04 IST" name="Default test" finished-at="2025-02-07T02:06:08 IST" duration-ms="4682">
      <class name="com.activities.GetActivities">
        <test-method signature="verifyStatusCode()[pri:0, instance:com.activities.GetActivities@1e6454ec]" started-at="2025-02-07T02:06:04 IST" name="verifyStatusCode" finished-at="2025-02-07T02:06:08 IST" duration-ms="4626" status="PASS">
          <reporter-output>
          </reporter-output>
        </test-method> <!-- verifyStatusCode -->
      </class> <!-- com.activities.GetActivities -->
    </test> <!-- Default test -->
  </suite> <!-- Default suite -->
</testng-results>
